<?xml version="1.0" encoding="UTF-8"?>
<!-- Generated by org.testng.reporters.JUnitReportReporter -->
<testsuite skipped="0" hostname="SREESAI-305" name="seleniumweek7.Seleniumweek7" tests="1" failures="0" timestamp="2021-08-31T15:59:00 IST" time="3.928" errors="0">
  <testcase name="test" time="3.928" classname="seleniumweek7.Seleniumweek7"/>
  <system-out/>
</testsuite> <!-- seleniumweek7.Seleniumweek7 -->
